# JRE version: OpenJDK Runtime Environment (11.0.2+9) (build 11.0.2+9)
# Java VM: OpenJDK 64-Bit Server VM (11.0.2+9, mixed mode, tiered, compressed oops, g1 gc, windows-amd64)
Heap:
 garbage-first heap   total 200704K, used 83331K [0x0000000084c00000, 0x0000000100000000)
  region size 1024K, 14 young (14336K), 2 survivors (2048K)
 Metaspace       used 61024K, capacity 61837K, committed 62172K, reserved 1103872K
  class space    used 6909K, capacity 7221K, committed 7292K, reserved 1048576K
GC Heap History (10 events):
Event: 8.930 GC heap before
{Heap before GC invocations=7 (full 0):
 garbage-first heap   total 166912K, used 86016K [0x0000000084c00000, 0x0000000100000000)
  region size 1024K, 40 young (40960K), 5 survivors (5120K)
 Metaspace       used 42180K, capacity 42741K, committed 42960K, reserved 1087488K
  class space    used 5019K, capacity 5248K, committed 5372K, reserved 1048576K
}
Event: 8.956 GC heap after
{Heap after GC invocations=8 (full 0):
 garbage-first heap   total 166912K, used 55920K [0x0000000084c00000, 0x0000000100000000)
  region size 1024K, 5 young (5120K), 5 survivors (5120K)
 Metaspace       used 42180K, capacity 42741K, committed 42960K, reserved 1087488K
  class space    used 5019K, capacity 5248K, committed 5372K, reserved 1048576K
}
Event: 10.747 GC heap before
{Heap before GC invocations=8 (full 0):
 garbage-first heap   total 166912K, used 102000K [0x0000000084c00000, 0x0000000100000000)
  region size 1024K, 49 young (50176K), 5 survivors (5120K)
 Metaspace       used 50084K, capacity 50721K, committed 50896K, reserved 1093632K
  class space    used 5837K, capacity 6071K, committed 6140K, reserved 1048576K
}
Event: 10.770 GC heap after
{Heap after GC invocations=9 (full 0):
 garbage-first heap   total 166912K, used 60931K [0x0000000084c00000, 0x0000000100000000)
  region size 1024K, 5 young (5120K), 5 survivors (5120K)
 Metaspace       used 50084K, capacity 50721K, committed 50896K, reserved 1093632K
  class space    used 5837K, capacity 6071K, committed 6140K, reserved 1048576K
}
Event: 11.978 GC heap before
{Heap before GC invocations=9 (full 0):
 garbage-first heap   total 166912K, used 107011K [0x0000000084c00000, 0x0000000100000000)
  region size 1024K, 50 young (51200K), 5 survivors (5120K)
 Metaspace       used 55342K, capacity 56031K, committed 56144K, reserved 1099776K
  class space    used 6448K, capacity 6749K, committed 6780K, reserved 1048576K
}
Event: 11.996 GC heap after
{Heap after GC invocations=10 (full 0):
 garbage-first heap   total 166912K, used 62946K [0x0000000084c00000, 0x0000000100000000)
  region size 1024K, 3 young (3072K), 3 survivors (3072K)
 Metaspace       used 55342K, capacity 56031K, committed 56144K, reserved 1099776K
  class space    used 6448K, capacity 6749K, committed 6780K, reserved 1048576K
}
Event: 14.377 GC heap before
{Heap before GC invocations=10 (full 0):
 garbage-first heap   total 166912K, used 111074K [0x0000000084c00000, 0x0000000100000000)
  region size 1024K, 50 young (51200K), 3 survivors (3072K)
 Metaspace       used 58511K, capacity 59256K, committed 59472K, reserved 1101824K
  class space    used 6639K, capacity 6940K, committed 7036K, reserved 1048576K
}
Event: 14.414 GC heap after
{Heap after GC invocations=11 (full 0):
 garbage-first heap   total 200704K, used 70921K [0x0000000084c00000, 0x0000000100000000)
  region size 1024K, 7 young (7168K), 7 survivors (7168K)
 Metaspace       used 58511K, capacity 59256K, committed 59472K, reserved 1101824K
  class space    used 6639K, capacity 6940K, committed 7036K, reserved 1048576K
}
Event: 14.991 GC heap before
{Heap before GC invocations=11 (full 0):
 garbage-first heap   total 200704K, used 82185K [0x0000000084c00000, 0x0000000100000000)
  region size 1024K, 19 young (19456K), 7 survivors (7168K)
 Metaspace       used 59695K, capacity 60417K, committed 60508K, reserved 1103872K
  class space    used 6789K, capacity 7113K, committed 7164K, reserved 1048576K
}
Event: 15.034 GC heap after
{Heap after GC invocations=12 (full 0):
 garbage-first heap   total 200704K, used 72067K [0x0000000084c00000, 0x0000000100000000)
  region size 1024K, 2 young (2048K), 2 survivors (2048K)
 Metaspace       used 59695K, capacity 60417K, committed 60508K, reserved 1103872K
  class space    used 6789K, capacity 7113K, committed 7164K, reserved 1048576K
}

